This file contains any messages produced by compilers while
running configure, to aid debugging if configure makes a mistake.

It was created by axel configure 2.6, which was
generated by GNU Autoconf 2.69.  Invocation command line was

  $ ./configure --prefix=/home/mty/dev/.build/axel/

## --------- ##
## Platform. ##
## --------- ##

hostname = dwell
uname -m = x86_64
uname -r = 4.2.0-22-generic
uname -s = Linux
uname -v = #27-Ubuntu SMP Thu Dec 17 22:57:08 UTC 2015

/usr/bin/uname -p = unknown
/bin/uname -X     = unknown

/bin/arch              = unknown
/usr/bin/arch -k       = unknown
/usr/convex/getsysinfo = unknown
/usr/bin/hostinfo      = unknown
/bin/machine           = unknown
/usr/bin/oslevel       = unknown
/bin/universe          = unknown

PATH: /usr/lib/nvidia-352/bin
PATH: /home/mty/anonyAuth/planetLab/codeploy
PATH: /home/mty/anonyAuth/stem/stem_scripts
PATH: /usr/games
PATH: /usr/local/sbin
PATH: /usr/local/bin
PATH: /usr/sbin
PATH: /usr/bin
PATH: /sbin
PATH: /bin
PATH: /usr/games
PATH: /usr/local/games
PATH: /home/mty/.bin


## ----------- ##
## Core tests. ##
## ----------- ##

configure:2294: checking for a BSD-compatible install
configure:2362: result: /usr/bin/install -c
configure:2373: checking whether build environment is sane
configure:2428: result: yes
configure:2579: checking for a thread-safe mkdir -p
configure:2618: result: /bin/mkdir -p
configure:2625: checking for gawk
configure:2641: found /usr/bin/gawk
configure:2652: result: gawk
configure:2663: checking whether make sets $(MAKE)
configure:2685: result: yes
configure:2714: checking whether make supports nested variables
configure:2731: result: yes
configure:2907: checking for gcc
configure:2923: found /usr/bin/gcc
configure:2934: result: gcc
configure:3163: checking for C compiler version
configure:3172: gcc --version >&5
gcc (Ubuntu 5.2.1-22ubuntu2) 5.2.1 20151010
Copyright (C) 2015 Free Software Foundation, Inc.
This is free software; see the source for copying conditions.  There is NO
warranty; not even for MERCHANTABILITY or FITNESS FOR A PARTICULAR PURPOSE.

configure:3183: $? = 0
configure:3172: gcc -v >&5
Using built-in specs.
COLLECT_GCC=gcc
COLLECT_LTO_WRAPPER=/usr/lib/gcc/x86_64-linux-gnu/5/lto-wrapper
Target: x86_64-linux-gnu
Configured with: ../src/configure -v --with-pkgversion='Ubuntu 5.2.1-22ubuntu2' --with-bugurl=file:///usr/share/doc/gcc-5/README.Bugs --enable-languages=c,ada,c++,java,go,d,fortran,objc,obj-c++ --prefix=/usr --program-suffix=-5 --enable-shared --enable-linker-build-id --libexecdir=/usr/lib --without-included-gettext --enable-threads=posix --libdir=/usr/lib --enable-nls --with-sysroot=/ --enable-clocale=gnu --enable-libstdcxx-debug --enable-libstdcxx-time=yes --with-default-libstdcxx-abi=new --enable-gnu-unique-object --disable-vtable-verify --enable-libmpx --enable-plugin --with-system-zlib --disable-browser-plugin --enable-java-awt=gtk --enable-gtk-cairo --with-java-home=/usr/lib/jvm/java-1.5.0-gcj-5-amd64/jre --enable-java-home --with-jvm-root-dir=/usr/lib/jvm/java-1.5.0-gcj-5-amd64 --with-jvm-jar-dir=/usr/lib/jvm-exports/java-1.5.0-gcj-5-amd64 --with-arch-directory=amd64 --with-ecj-jar=/usr/share/java/eclipse-ecj.jar --enable-objc-gc --enable-multiarch --disable-werror --with-arch-32=i686 --with-abi=m64 --with-multilib-list=m32,m64,mx32 --enable-multilib --with-tune=generic --enable-checking=release --build=x86_64-linux-gnu --host=x86_64-linux-gnu --target=x86_64-linux-gnu
Thread model: posix
gcc version 5.2.1 20151010 (Ubuntu 5.2.1-22ubuntu2) 
configure:3183: $? = 0
configure:3172: gcc -V >&5
gcc: error: unrecognized command line option '-V'
gcc: fatal error: no input files
compilation terminated.
configure:3183: $? = 1
configure:3172: gcc -qversion >&5
gcc: error: unrecognized command line option '-qversion'
gcc: fatal error: no input files
compilation terminated.
configure:3183: $? = 1
configure:3203: checking whether the C compiler works
configure:3225: gcc    conftest.c  >&5
configure:3229: $? = 0
configure:3277: result: yes
configure:3280: checking for C compiler default output file name
configure:3282: result: a.out
configure:3288: checking for suffix of executables
configure:3295: gcc -o conftest    conftest.c  >&5
configure:3299: $? = 0
configure:3321: result: 
configure:3343: checking whether we are cross compiling
configure:3351: gcc -o conftest    conftest.c  >&5
configure:3355: $? = 0
configure:3362: ./conftest
configure:3366: $? = 0
configure:3381: result: no
configure:3386: checking for suffix of object files
configure:3408: gcc -c   conftest.c >&5
configure:3412: $? = 0
configure:3433: result: o
configure:3437: checking whether we are using the GNU C compiler
configure:3456: gcc -c   conftest.c >&5
configure:3456: $? = 0
configure:3465: result: yes
configure:3474: checking whether gcc accepts -g
configure:3494: gcc -c -g  conftest.c >&5
configure:3494: $? = 0
configure:3535: result: yes
configure:3552: checking for gcc option to accept ISO C89
configure:3615: gcc  -c -g -O2  conftest.c >&5
configure:3615: $? = 0
configure:3628: result: none needed
configure:3653: checking whether gcc understands -c and -o together
configure:3675: gcc -c conftest.c -o conftest2.o
configure:3678: $? = 0
configure:3675: gcc -c conftest.c -o conftest2.o
configure:3678: $? = 0
configure:3690: result: yes
configure:3718: checking for style of include used by make
configure:3746: result: GNU
configure:3772: checking dependency style of gcc
configure:3883: result: gcc3
configure:3902: checking for gettext
configure:3918: found /usr/bin/gettext
configure:3929: result: gettext
configure:3954: checking how to run the C preprocessor
configure:3985: gcc -E  conftest.c
configure:3985: $? = 0
configure:3999: gcc -E  conftest.c
conftest.c:11:28: fatal error: ac_nonexistent.h: No such file or directory
compilation terminated.
configure:3999: $? = 1
configure: failed program was:
| /* confdefs.h */
| #define PACKAGE_NAME "axel"
| #define PACKAGE_TARNAME "axel"
| #define PACKAGE_VERSION "2.6"
| #define PACKAGE_STRING "axel 2.6"
| #define PACKAGE_BUGREPORT "https://github.com/eribertomota/axel/issues"
| #define PACKAGE_URL ""
| #define PACKAGE "axel"
| #define VERSION "2.6"
| /* end confdefs.h.  */
| #include <ac_nonexistent.h>
configure:4024: result: gcc -E
configure:4044: gcc -E  conftest.c
configure:4044: $? = 0
configure:4058: gcc -E  conftest.c
conftest.c:11:28: fatal error: ac_nonexistent.h: No such file or directory
compilation terminated.
configure:4058: $? = 1
configure: failed program was:
| /* confdefs.h */
| #define PACKAGE_NAME "axel"
| #define PACKAGE_TARNAME "axel"
| #define PACKAGE_VERSION "2.6"
| #define PACKAGE_STRING "axel 2.6"
| #define PACKAGE_BUGREPORT "https://github.com/eribertomota/axel/issues"
| #define PACKAGE_URL ""
| #define PACKAGE "axel"
| #define VERSION "2.6"
| /* end confdefs.h.  */
| #include <ac_nonexistent.h>
configure:4087: checking for grep that handles long lines and -e
configure:4145: result: /bin/grep
configure:4150: checking for egrep
configure:4212: result: /bin/grep -E
configure:4217: checking for ANSI C header files
configure:4237: gcc -c -g -O2  conftest.c >&5
configure:4237: $? = 0
configure:4310: gcc -o conftest -g -O2   conftest.c  >&5
configure:4310: $? = 0
configure:4310: ./conftest
configure:4310: $? = 0
configure:4321: result: yes
configure:4334: checking for sys/types.h
configure:4334: gcc -c -g -O2  conftest.c >&5
configure:4334: $? = 0
configure:4334: result: yes
configure:4334: checking for sys/stat.h
configure:4334: gcc -c -g -O2  conftest.c >&5
configure:4334: $? = 0
configure:4334: result: yes
configure:4334: checking for stdlib.h
configure:4334: gcc -c -g -O2  conftest.c >&5
configure:4334: $? = 0
configure:4334: result: yes
configure:4334: checking for string.h
configure:4334: gcc -c -g -O2  conftest.c >&5
configure:4334: $? = 0
configure:4334: result: yes
configure:4334: checking for memory.h
configure:4334: gcc -c -g -O2  conftest.c >&5
configure:4334: $? = 0
configure:4334: result: yes
configure:4334: checking for strings.h
configure:4334: gcc -c -g -O2  conftest.c >&5
configure:4334: $? = 0
configure:4334: result: yes
configure:4334: checking for inttypes.h
configure:4334: gcc -c -g -O2  conftest.c >&5
configure:4334: $? = 0
configure:4334: result: yes
configure:4334: checking for stdint.h
configure:4334: gcc -c -g -O2  conftest.c >&5
configure:4334: $? = 0
configure:4334: result: yes
configure:4334: checking for unistd.h
configure:4334: gcc -c -g -O2  conftest.c >&5
configure:4334: $? = 0
configure:4334: result: yes
configure:4349: checking arpa/inet.h usability
configure:4349: gcc -c -g -O2  conftest.c >&5
configure:4349: $? = 0
configure:4349: result: yes
configure:4349: checking arpa/inet.h presence
configure:4349: gcc -E  conftest.c
configure:4349: $? = 0
configure:4349: result: yes
configure:4349: checking for arpa/inet.h
configure:4349: result: yes
configure:4349: checking fcntl.h usability
configure:4349: gcc -c -g -O2  conftest.c >&5
configure:4349: $? = 0
configure:4349: result: yes
configure:4349: checking fcntl.h presence
configure:4349: gcc -E  conftest.c
configure:4349: $? = 0
configure:4349: result: yes
configure:4349: checking for fcntl.h
configure:4349: result: yes
configure:4349: checking libintl.h usability
configure:4349: gcc -c -g -O2  conftest.c >&5
configure:4349: $? = 0
configure:4349: result: yes
configure:4349: checking libintl.h presence
configure:4349: gcc -E  conftest.c
configure:4349: $? = 0
configure:4349: result: yes
configure:4349: checking for libintl.h
configure:4349: result: yes
configure:4349: checking limits.h usability
configure:4349: gcc -c -g -O2  conftest.c >&5
configure:4349: $? = 0
configure:4349: result: yes
configure:4349: checking limits.h presence
configure:4349: gcc -E  conftest.c
configure:4349: $? = 0
configure:4349: result: yes
configure:4349: checking for limits.h
configure:4349: result: yes
configure:4349: checking locale.h usability
configure:4349: gcc -c -g -O2  conftest.c >&5
configure:4349: $? = 0
configure:4349: result: yes
configure:4349: checking locale.h presence
configure:4349: gcc -E  conftest.c
configure:4349: $? = 0
configure:4349: result: yes
configure:4349: checking for locale.h
configure:4349: result: yes
configure:4349: checking netdb.h usability
configure:4349: gcc -c -g -O2  conftest.c >&5
configure:4349: $? = 0
configure:4349: result: yes
configure:4349: checking netdb.h presence
configure:4349: gcc -E  conftest.c
configure:4349: $? = 0
configure:4349: result: yes
configure:4349: checking for netdb.h
configure:4349: result: yes
configure:4349: checking netinet/in.h usability
configure:4349: gcc -c -g -O2  conftest.c >&5
configure:4349: $? = 0
configure:4349: result: yes
configure:4349: checking netinet/in.h presence
configure:4349: gcc -E  conftest.c
configure:4349: $? = 0
configure:4349: result: yes
configure:4349: checking for netinet/in.h
configure:4349: result: yes
configure:4349: checking for stdlib.h
configure:4349: result: yes
configure:4349: checking for string.h
configure:4349: result: yes
configure:4349: checking sys/ioctl.h usability
configure:4349: gcc -c -g -O2  conftest.c >&5
configure:4349: $? = 0
configure:4349: result: yes
configure:4349: checking sys/ioctl.h presence
configure:4349: gcc -E  conftest.c
configure:4349: $? = 0
configure:4349: result: yes
configure:4349: checking for sys/ioctl.h
configure:4349: result: yes
configure:4349: checking sys/socket.h usability
configure:4349: gcc -c -g -O2  conftest.c >&5
configure:4349: $? = 0
configure:4349: result: yes
configure:4349: checking sys/socket.h presence
configure:4349: gcc -E  conftest.c
configure:4349: $? = 0
configure:4349: result: yes
configure:4349: checking for sys/socket.h
configure:4349: result: yes
configure:4349: checking sys/time.h usability
configure:4349: gcc -c -g -O2  conftest.c >&5
configure:4349: $? = 0
configure:4349: result: yes
configure:4349: checking sys/time.h presence
configure:4349: gcc -E  conftest.c
configure:4349: $? = 0
configure:4349: result: yes
configure:4349: checking for sys/time.h
configure:4349: result: yes
configure:4349: checking for unistd.h
configure:4349: result: yes
configure:4361: checking for size_t
configure:4361: gcc -c -g -O2  conftest.c >&5
configure:4361: $? = 0
configure:4361: gcc -c -g -O2  conftest.c >&5
conftest.c: In function 'main':
conftest.c:70:21: error: expected expression before ')' token
 if (sizeof ((size_t)))
                     ^
configure:4361: $? = 1
configure: failed program was:
| /* confdefs.h */
| #define PACKAGE_NAME "axel"
| #define PACKAGE_TARNAME "axel"
| #define PACKAGE_VERSION "2.6"
| #define PACKAGE_STRING "axel 2.6"
| #define PACKAGE_BUGREPORT "https://github.com/eribertomota/axel/issues"
| #define PACKAGE_URL ""
| #define PACKAGE "axel"
| #define VERSION "2.6"
| #define STDC_HEADERS 1
| #define HAVE_SYS_TYPES_H 1
| #define HAVE_SYS_STAT_H 1
| #define HAVE_STDLIB_H 1
| #define HAVE_STRING_H 1
| #define HAVE_MEMORY_H 1
| #define HAVE_STRINGS_H 1
| #define HAVE_INTTYPES_H 1
| #define HAVE_STDINT_H 1
| #define HAVE_UNISTD_H 1
| #define HAVE_ARPA_INET_H 1
| #define HAVE_FCNTL_H 1
| #define HAVE_LIBINTL_H 1
| #define HAVE_LIMITS_H 1
| #define HAVE_LOCALE_H 1
| #define HAVE_NETDB_H 1
| #define HAVE_NETINET_IN_H 1
| #define HAVE_STDLIB_H 1
| #define HAVE_STRING_H 1
| #define HAVE_SYS_IOCTL_H 1
| #define HAVE_SYS_SOCKET_H 1
| #define HAVE_SYS_TIME_H 1
| #define HAVE_UNISTD_H 1
| /* end confdefs.h.  */
| #include <stdio.h>
| #ifdef HAVE_SYS_TYPES_H
| # include <sys/types.h>
| #endif
| #ifdef HAVE_SYS_STAT_H
| # include <sys/stat.h>
| #endif
| #ifdef STDC_HEADERS
| # include <stdlib.h>
| # include <stddef.h>
| #else
| # ifdef HAVE_STDLIB_H
| #  include <stdlib.h>
| # endif
| #endif
| #ifdef HAVE_STRING_H
| # if !defined STDC_HEADERS && defined HAVE_MEMORY_H
| #  include <memory.h>
| # endif
| # include <string.h>
| #endif
| #ifdef HAVE_STRINGS_H
| # include <strings.h>
| #endif
| #ifdef HAVE_INTTYPES_H
| # include <inttypes.h>
| #endif
| #ifdef HAVE_STDINT_H
| # include <stdint.h>
| #endif
| #ifdef HAVE_UNISTD_H
| # include <unistd.h>
| #endif
| int
| main ()
| {
| if (sizeof ((size_t)))
| 	    return 0;
|   ;
|   return 0;
| }
configure:4361: result: yes
configure:4376: checking for stdlib.h
configure:4376: result: yes
configure:4386: checking for GNU libc compatible malloc
configure:4410: gcc -o conftest -g -O2   conftest.c  >&5
configure:4410: $? = 0
configure:4410: ./conftest
configure:4410: $? = 0
configure:4420: result: yes
configure:4443: checking for stdlib.h
configure:4443: result: yes
configure:4453: checking for GNU libc compatible realloc
configure:4477: gcc -o conftest -g -O2   conftest.c  >&5
configure:4477: $? = 0
configure:4477: ./conftest
configure:4477: $? = 0
configure:4487: result: yes
configure:4511: checking for gettimeofday
configure:4511: gcc -o conftest -g -O2   conftest.c  >&5
configure:4511: $? = 0
configure:4511: result: yes
configure:4511: checking for inet_ntoa
configure:4511: gcc -o conftest -g -O2   conftest.c  >&5
configure:4511: $? = 0
configure:4511: result: yes
configure:4511: checking for memset
configure:4511: gcc -o conftest -g -O2   conftest.c  >&5
conftest.c:63:6: warning: conflicting types for built-in function 'memset'
 char memset ();
      ^
configure:4511: $? = 0
configure:4511: result: yes
configure:4511: checking for select
configure:4511: gcc -o conftest -g -O2   conftest.c  >&5
configure:4511: $? = 0
configure:4511: result: yes
configure:4511: checking for setlocale
configure:4511: gcc -o conftest -g -O2   conftest.c  >&5
configure:4511: $? = 0
configure:4511: result: yes
configure:4511: checking for socket
configure:4511: gcc -o conftest -g -O2   conftest.c  >&5
configure:4511: $? = 0
configure:4511: result: yes
configure:4511: checking for strcasecmp
configure:4511: gcc -o conftest -g -O2   conftest.c  >&5
conftest.c:67:6: warning: conflicting types for built-in function 'strcasecmp'
 char strcasecmp ();
      ^
configure:4511: $? = 0
configure:4511: result: yes
configure:4511: checking for strchr
configure:4511: gcc -o conftest -g -O2   conftest.c  >&5
conftest.c:68:6: warning: conflicting types for built-in function 'strchr'
 char strchr ();
      ^
configure:4511: $? = 0
configure:4511: result: yes
configure:4511: checking for strrchr
configure:4511: gcc -o conftest -g -O2   conftest.c  >&5
conftest.c:69:6: warning: conflicting types for built-in function 'strrchr'
 char strrchr ();
      ^
configure:4511: $? = 0
configure:4511: result: yes
configure:4511: checking for strstr
configure:4511: gcc -o conftest -g -O2   conftest.c  >&5
conftest.c:70:6: warning: conflicting types for built-in function 'strstr'
 char strstr ();
      ^
configure:4511: $? = 0
configure:4511: result: yes
configure:4522: checking for a sed that does not truncate output
configure:4586: result: /bin/sed
configure:4592: checking whether NLS is requested
configure:4601: result: yes
configure:4641: checking for msgfmt
configure: trying /usr/bin/msgfmt...
0 translated messages.
configure:4673: result: /usr/bin/msgfmt
configure:4682: checking for gmsgfmt
configure:4713: result: /usr/bin/msgfmt
configure:4763: checking for xgettext
configure: trying /usr/bin/xgettext...
/usr/bin/xgettext: warning: file '/dev/null' extension '' is unknown; will try C
configure:4795: result: /usr/bin/xgettext
configure:4840: checking for msgmerge
configure: trying /usr/bin/msgmerge...
configure:4871: result: /usr/bin/msgmerge
configure:4908: checking build system type
configure:4922: result: x86_64-unknown-linux-gnu
configure:4942: checking host system type
configure:4955: result: x86_64-unknown-linux-gnu
configure:5000: checking for ld used by gcc
configure:5067: result: /usr/bin/ld
configure:5074: checking if the linker (/usr/bin/ld) is GNU ld
configure:5089: result: yes
configure:5096: checking for shared library run path origin
configure:5109: result: done
configure:5681: checking for CFPreferencesCopyAppValue
configure:5699: gcc -o conftest -g -O2   conftest.c  -Wl,-framework -Wl,CoreFoundation >&5
conftest.c:48:42: fatal error: CoreFoundation/CFPreferences.h: No such file or directory
compilation terminated.
configure:5699: $? = 1
configure: failed program was:
| /* confdefs.h */
| #define PACKAGE_NAME "axel"
| #define PACKAGE_TARNAME "axel"
| #define PACKAGE_VERSION "2.6"
| #define PACKAGE_STRING "axel 2.6"
| #define PACKAGE_BUGREPORT "https://github.com/eribertomota/axel/issues"
| #define PACKAGE_URL ""
| #define PACKAGE "axel"
| #define VERSION "2.6"
| #define STDC_HEADERS 1
| #define HAVE_SYS_TYPES_H 1
| #define HAVE_SYS_STAT_H 1
| #define HAVE_STDLIB_H 1
| #define HAVE_STRING_H 1
| #define HAVE_MEMORY_H 1
| #define HAVE_STRINGS_H 1
| #define HAVE_INTTYPES_H 1
| #define HAVE_STDINT_H 1
| #define HAVE_UNISTD_H 1
| #define HAVE_ARPA_INET_H 1
| #define HAVE_FCNTL_H 1
| #define HAVE_LIBINTL_H 1
| #define HAVE_LIMITS_H 1
| #define HAVE_LOCALE_H 1
| #define HAVE_NETDB_H 1
| #define HAVE_NETINET_IN_H 1
| #define HAVE_STDLIB_H 1
| #define HAVE_STRING_H 1
| #define HAVE_SYS_IOCTL_H 1
| #define HAVE_SYS_SOCKET_H 1
| #define HAVE_SYS_TIME_H 1
| #define HAVE_UNISTD_H 1
| #define HAVE_STDLIB_H 1
| #define HAVE_MALLOC 1
| #define HAVE_STDLIB_H 1
| #define HAVE_REALLOC 1
| #define HAVE_GETTIMEOFDAY 1
| #define HAVE_INET_NTOA 1
| #define HAVE_MEMSET 1
| #define HAVE_SELECT 1
| #define HAVE_SETLOCALE 1
| #define HAVE_SOCKET 1
| #define HAVE_STRCASECMP 1
| #define HAVE_STRCHR 1
| #define HAVE_STRRCHR 1
| #define HAVE_STRSTR 1
| /* end confdefs.h.  */
| #include <CoreFoundation/CFPreferences.h>
| int
| main ()
| {
| CFPreferencesCopyAppValue(NULL, NULL)
|   ;
|   return 0;
| }
configure:5708: result: no
configure:5715: checking for CFLocaleCopyCurrent
configure:5733: gcc -o conftest -g -O2   conftest.c  -Wl,-framework -Wl,CoreFoundation >&5
conftest.c:48:37: fatal error: CoreFoundation/CFLocale.h: No such file or directory
compilation terminated.
configure:5733: $? = 1
configure: failed program was:
| /* confdefs.h */
| #define PACKAGE_NAME "axel"
| #define PACKAGE_TARNAME "axel"
| #define PACKAGE_VERSION "2.6"
| #define PACKAGE_STRING "axel 2.6"
| #define PACKAGE_BUGREPORT "https://github.com/eribertomota/axel/issues"
| #define PACKAGE_URL ""
| #define PACKAGE "axel"
| #define VERSION "2.6"
| #define STDC_HEADERS 1
| #define HAVE_SYS_TYPES_H 1
| #define HAVE_SYS_STAT_H 1
| #define HAVE_STDLIB_H 1
| #define HAVE_STRING_H 1
| #define HAVE_MEMORY_H 1
| #define HAVE_STRINGS_H 1
| #define HAVE_INTTYPES_H 1
| #define HAVE_STDINT_H 1
| #define HAVE_UNISTD_H 1
| #define HAVE_ARPA_INET_H 1
| #define HAVE_FCNTL_H 1
| #define HAVE_LIBINTL_H 1
| #define HAVE_LIMITS_H 1
| #define HAVE_LOCALE_H 1
| #define HAVE_NETDB_H 1
| #define HAVE_NETINET_IN_H 1
| #define HAVE_STDLIB_H 1
| #define HAVE_STRING_H 1
| #define HAVE_SYS_IOCTL_H 1
| #define HAVE_SYS_SOCKET_H 1
| #define HAVE_SYS_TIME_H 1
| #define HAVE_UNISTD_H 1
| #define HAVE_STDLIB_H 1
| #define HAVE_MALLOC 1
| #define HAVE_STDLIB_H 1
| #define HAVE_REALLOC 1
| #define HAVE_GETTIMEOFDAY 1
| #define HAVE_INET_NTOA 1
| #define HAVE_MEMSET 1
| #define HAVE_SELECT 1
| #define HAVE_SETLOCALE 1
| #define HAVE_SOCKET 1
| #define HAVE_STRCASECMP 1
| #define HAVE_STRCHR 1
| #define HAVE_STRRCHR 1
| #define HAVE_STRSTR 1
| /* end confdefs.h.  */
| #include <CoreFoundation/CFLocale.h>
| int
| main ()
| {
| CFLocaleCopyCurrent();
|   ;
|   return 0;
| }
configure:5742: result: no
configure:5791: checking for GNU gettext in libc
configure:5815: gcc -o conftest -g -O2   conftest.c  >&5
configure:5815: $? = 0
configure:5824: result: yes
configure:6652: checking whether to use NLS
configure:6654: result: yes
configure:6657: checking where the gettext function comes from
configure:6668: result: libc
configure:6895: checking that generated files are newer than configure
configure:6901: result: done
configure:6924: creating ./config.status

## ---------------------- ##
## Running config.status. ##
## ---------------------- ##

This file was extended by axel config.status 2.6, which was
generated by GNU Autoconf 2.69.  Invocation command line was

  CONFIG_FILES    = 
  CONFIG_HEADERS  = 
  CONFIG_LINKS    = 
  CONFIG_COMMANDS = 
  $ ./config.status 

on dwell

config.status:923: creating Makefile
config.status:923: creating src/Makefile
config.status:923: creating po/Makefile.in
config.status:923: creating config.h
config.status:1104: config.h is unchanged
config.status:1152: executing depfiles commands
config.status:1152: executing po-directories commands

## ---------------- ##
## Cache variables. ##
## ---------------- ##

ac_cv_build=x86_64-unknown-linux-gnu
ac_cv_c_compiler_gnu=yes
ac_cv_env_CC_set=
ac_cv_env_CC_value=
ac_cv_env_CFLAGS_set=
ac_cv_env_CFLAGS_value=
ac_cv_env_CPPFLAGS_set=
ac_cv_env_CPPFLAGS_value=
ac_cv_env_CPP_set=
ac_cv_env_CPP_value=
ac_cv_env_LDFLAGS_set=
ac_cv_env_LDFLAGS_value=
ac_cv_env_LIBS_set=
ac_cv_env_LIBS_value=
ac_cv_env_build_alias_set=
ac_cv_env_build_alias_value=
ac_cv_env_host_alias_set=
ac_cv_env_host_alias_value=
ac_cv_env_target_alias_set=
ac_cv_env_target_alias_value=
ac_cv_func_gettimeofday=yes
ac_cv_func_inet_ntoa=yes
ac_cv_func_malloc_0_nonnull=yes
ac_cv_func_memset=yes
ac_cv_func_realloc_0_nonnull=yes
ac_cv_func_select=yes
ac_cv_func_setlocale=yes
ac_cv_func_socket=yes
ac_cv_func_strcasecmp=yes
ac_cv_func_strchr=yes
ac_cv_func_strrchr=yes
ac_cv_func_strstr=yes
ac_cv_header_arpa_inet_h=yes
ac_cv_header_fcntl_h=yes
ac_cv_header_inttypes_h=yes
ac_cv_header_libintl_h=yes
ac_cv_header_limits_h=yes
ac_cv_header_locale_h=yes
ac_cv_header_memory_h=yes
ac_cv_header_netdb_h=yes
ac_cv_header_netinet_in_h=yes
ac_cv_header_stdc=yes
ac_cv_header_stdint_h=yes
ac_cv_header_stdlib_h=yes
ac_cv_header_string_h=yes
ac_cv_header_strings_h=yes
ac_cv_header_sys_ioctl_h=yes
ac_cv_header_sys_socket_h=yes
ac_cv_header_sys_stat_h=yes
ac_cv_header_sys_time_h=yes
ac_cv_header_sys_types_h=yes
ac_cv_header_unistd_h=yes
ac_cv_host=x86_64-unknown-linux-gnu
ac_cv_objext=o
ac_cv_path_EGREP='/bin/grep -E'
ac_cv_path_GMSGFMT=/usr/bin/msgfmt
ac_cv_path_GREP=/bin/grep
ac_cv_path_MSGFMT=/usr/bin/msgfmt
ac_cv_path_MSGMERGE=/usr/bin/msgmerge
ac_cv_path_SED=/bin/sed
ac_cv_path_XGETTEXT=/usr/bin/xgettext
ac_cv_path_install='/usr/bin/install -c'
ac_cv_path_mkdir=/bin/mkdir
ac_cv_prog_AWK=gawk
ac_cv_prog_CPP='gcc -E'
ac_cv_prog_GETTEXT=gettext
ac_cv_prog_ac_ct_CC=gcc
ac_cv_prog_cc_c89=
ac_cv_prog_cc_g=yes
ac_cv_prog_make_make_set=yes
ac_cv_type_size_t=yes
acl_cv_hardcode_direct=no
acl_cv_hardcode_libdir_flag_spec='${wl}-rpath ${wl}$libdir'
acl_cv_hardcode_libdir_separator=
acl_cv_hardcode_minus_L=no
acl_cv_libext=a
acl_cv_libname_spec='lib$name'
acl_cv_library_names_spec='$libname$shrext'
acl_cv_path_LD=/usr/bin/ld
acl_cv_prog_gnu_ld=yes
acl_cv_rpath=done
acl_cv_shlibext=so
acl_cv_wl=-Wl,
am_cv_CC_dependencies_compiler_type=gcc3
am_cv_make_support_nested_variables=yes
am_cv_prog_cc_c_o=yes
gt_cv_func_CFLocaleCopyCurrent=no
gt_cv_func_CFPreferencesCopyAppValue=no
gt_cv_func_gnugettext1_libc=yes

## ----------------- ##
## Output variables. ##
## ----------------- ##

ACLOCAL='${SHELL} /home/mty/dev/axel/missing aclocal-1.14'
AMDEPBACKSLASH='\'
AMDEP_FALSE='#'
AMDEP_TRUE=''
AMTAR='$${TAR-tar}'
AM_BACKSLASH='\'
AM_DEFAULT_V='$(AM_DEFAULT_VERBOSITY)'
AM_DEFAULT_VERBOSITY='1'
AM_V='$(V)'
AUTOCONF='${SHELL} /home/mty/dev/axel/missing autoconf'
AUTOHEADER='${SHELL} /home/mty/dev/axel/missing autoheader'
AUTOMAKE='${SHELL} /home/mty/dev/axel/missing automake-1.14'
AWK='gawk'
CC='gcc'
CCDEPMODE='depmode=gcc3'
CFLAGS='-g -O2 -D_LARGEFILE_SOURCE -D_FILE_OFFSET_BITS=64 -Wall'
CPP='gcc -E'
CPPFLAGS=''
CYGPATH_W='echo'
DEFS='-DHAVE_CONFIG_H'
DEPDIR='.deps'
ECHO_C=''
ECHO_N='-n'
ECHO_T=''
EGREP='/bin/grep -E'
EXEEXT=''
GETTEXT='gettext'
GETTEXT_MACRO_VERSION='0.19'
GMSGFMT='/usr/bin/msgfmt'
GMSGFMT_015='/usr/bin/msgfmt'
GREP='/bin/grep'
INSTALL_DATA='${INSTALL} -m 644'
INSTALL_PROGRAM='${INSTALL}'
INSTALL_SCRIPT='${INSTALL}'
INSTALL_STRIP_PROGRAM='$(install_sh) -c -s'
INTLLIBS=''
INTL_MACOSX_LIBS=''
LDFLAGS=' -pthread'
LIBICONV='-liconv'
LIBINTL=''
LIBOBJS=''
LIBS=''
LTLIBICONV='-liconv'
LTLIBINTL=''
LTLIBOBJS=''
MAKEINFO='${SHELL} /home/mty/dev/axel/missing makeinfo'
MKDIR_P='/bin/mkdir -p'
MSGFMT='/usr/bin/msgfmt'
MSGFMT_015='/usr/bin/msgfmt'
MSGMERGE='/usr/bin/msgmerge'
OBJEXT='o'
PACKAGE='axel'
PACKAGE_BUGREPORT='https://github.com/eribertomota/axel/issues'
PACKAGE_NAME='axel'
PACKAGE_STRING='axel 2.6'
PACKAGE_TARNAME='axel'
PACKAGE_URL=''
PACKAGE_VERSION='2.6'
PATH_SEPARATOR=':'
POSUB='po'
SED='/bin/sed'
SET_MAKE=''
SHELL='/bin/bash'
STRIP=''
USE_NLS='yes'
VERSION='2.6'
XGETTEXT='/usr/bin/xgettext'
XGETTEXT_015='/usr/bin/xgettext'
XGETTEXT_EXTRA_OPTIONS=''
ac_ct_CC='gcc'
am__EXEEXT_FALSE=''
am__EXEEXT_TRUE='#'
am__fastdepCC_FALSE='#'
am__fastdepCC_TRUE=''
am__include='include'
am__isrc=''
am__leading_dot='.'
am__nodep='_no'
am__quote=''
am__tar='$${TAR-tar} chof - "$$tardir"'
am__untar='$${TAR-tar} xf -'
bindir='${exec_prefix}/bin'
build='x86_64-unknown-linux-gnu'
build_alias=''
build_cpu='x86_64'
build_os='linux-gnu'
build_vendor='unknown'
datadir='${datarootdir}'
datarootdir='${prefix}/share'
docdir='${datarootdir}/doc/${PACKAGE_TARNAME}'
dvidir='${docdir}'
exec_prefix='${prefix}'
host='x86_64-unknown-linux-gnu'
host_alias=''
host_cpu='x86_64'
host_os='linux-gnu'
host_vendor='unknown'
htmldir='${docdir}'
includedir='${prefix}/include'
infodir='${datarootdir}/info'
install_sh='${SHELL} /home/mty/dev/axel/install-sh'
libdir='${exec_prefix}/lib'
libexecdir='${exec_prefix}/libexec'
localedir='${datarootdir}/locale'
localstatedir='${prefix}/var'
mandir='${datarootdir}/man'
mkdir_p='$(MKDIR_P)'
oldincludedir='/usr/include'
pdfdir='${docdir}'
prefix='/home/mty/dev/.build/axel'
program_transform_name='s,x,x,'
psdir='${docdir}'
sbindir='${exec_prefix}/sbin'
sharedstatedir='${prefix}/com'
sysconfdir='${prefix}/etc'
target_alias=''

## ----------- ##
## confdefs.h. ##
## ----------- ##

/* confdefs.h */
#define PACKAGE_NAME "axel"
#define PACKAGE_TARNAME "axel"
#define PACKAGE_VERSION "2.6"
#define PACKAGE_STRING "axel 2.6"
#define PACKAGE_BUGREPORT "https://github.com/eribertomota/axel/issues"
#define PACKAGE_URL ""
#define PACKAGE "axel"
#define VERSION "2.6"
#define STDC_HEADERS 1
#define HAVE_SYS_TYPES_H 1
#define HAVE_SYS_STAT_H 1
#define HAVE_STDLIB_H 1
#define HAVE_STRING_H 1
#define HAVE_MEMORY_H 1
#define HAVE_STRINGS_H 1
#define HAVE_INTTYPES_H 1
#define HAVE_STDINT_H 1
#define HAVE_UNISTD_H 1
#define HAVE_ARPA_INET_H 1
#define HAVE_FCNTL_H 1
#define HAVE_LIBINTL_H 1
#define HAVE_LIMITS_H 1
#define HAVE_LOCALE_H 1
#define HAVE_NETDB_H 1
#define HAVE_NETINET_IN_H 1
#define HAVE_STDLIB_H 1
#define HAVE_STRING_H 1
#define HAVE_SYS_IOCTL_H 1
#define HAVE_SYS_SOCKET_H 1
#define HAVE_SYS_TIME_H 1
#define HAVE_UNISTD_H 1
#define HAVE_STDLIB_H 1
#define HAVE_MALLOC 1
#define HAVE_STDLIB_H 1
#define HAVE_REALLOC 1
#define HAVE_GETTIMEOFDAY 1
#define HAVE_INET_NTOA 1
#define HAVE_MEMSET 1
#define HAVE_SELECT 1
#define HAVE_SETLOCALE 1
#define HAVE_SOCKET 1
#define HAVE_STRCASECMP 1
#define HAVE_STRCHR 1
#define HAVE_STRRCHR 1
#define HAVE_STRSTR 1
#define ENABLE_NLS 1
#define HAVE_GETTEXT 1
#define HAVE_DCGETTEXT 1
#define ARCH "Linux"
#define ETCDIR "/etc"
#define _REENTRANT 1
#define _THREAD_SAFE 1

configure: exit 0

## ---------------------- ##
## Running config.status. ##
## ---------------------- ##

This file was extended by axel config.status 2.6, which was
generated by GNU Autoconf 2.69.  Invocation command line was

  CONFIG_FILES    = 
  CONFIG_HEADERS  = 
  CONFIG_LINKS    = 
  CONFIG_COMMANDS = 
  $ ./config.status config.h

on dwell

config.status:923: creating config.h
config.status:1104: config.h is unchanged
